c:\users\tolgahan\documents\vısual studıo 2015\projects\tvahapl1_cs360_assıgnment1\tvahapl1_cs360_assıgnment1\debug\tvahapl1_cs360_assıgnment1.pch
c:\users\tolgahan\documents\vısual studıo 2015\projects\tvahapl1_cs360_assıgnment1\tvahapl1_cs360_assıgnment1\debug\vc140.pdb
c:\users\tolgahan\documents\vısual studıo 2015\projects\tvahapl1_cs360_assıgnment1\tvahapl1_cs360_assıgnment1\debug\vc140.ıdb
c:\users\tolgahan\documents\vısual studıo 2015\projects\tvahapl1_cs360_assıgnment1\tvahapl1_cs360_assıgnment1\debug\stdafx.obj
c:\users\tolgahan\documents\vısual studıo 2015\projects\tvahapl1_cs360_assıgnment1\tvahapl1_cs360_assıgnment1\debug\tvahapl1_cs360_assıgnment1.obj
c:\users\tolgahan\documents\vısual studıo 2015\projects\tvahapl1_cs360_assıgnment1\debug\tvahapl1_cs360_assıgnment1.ılk
c:\users\tolgahan\documents\vısual studıo 2015\projects\tvahapl1_cs360_assıgnment1\debug\tvahapl1_cs360_assıgnment1.exe
c:\users\tolgahan\documents\vısual studıo 2015\projects\tvahapl1_cs360_assıgnment1\debug\tvahapl1_cs360_assıgnment1.pdb
c:\users\tolgahan\documents\vısual studıo 2015\projects\tvahapl1_cs360_assıgnment1\tvahapl1_cs360_assıgnment1\debug\tvahapl1_cs360_assıgnment1.res
c:\users\tolgahan\documents\visual studio 2015\projects\tvahapl1_cs360_assignment1\tvahapl1_cs360_assignment1\debug\stdafx.obj
c:\users\tolgahan\documents\visual studio 2015\projects\tvahapl1_cs360_assignment1\tvahapl1_cs360_assignment1\debug\tvahapl1_cs360_assignment1.obj
c:\users\tolgahan\documents\visual studio 2015\projects\tvahapl1_cs360_assignment1\tvahapl1_cs360_assignment1\debug\tvahapl1_cs360_assignment1.res
c:\users\tolgahan\documents\visual studio 2015\projects\tvahapl1_cs360_assignment1\tvahapl1_cs360_assignment1\debug\tvahapl1_cs360_assignment1.pch
c:\users\tolgahan\documents\visual studio 2015\projects\tvahapl1_cs360_assignment1\tvahapl1_cs360_assignment1\debug\vc140.idb
c:\users\tolgahan\documents\visual studio 2015\projects\tvahapl1_cs360_assignment1\tvahapl1_cs360_assignment1\debug\vc140.pdb
c:\users\tolgahan\documents\visual studio 2015\projects\tvahapl1_cs360_assignment1\debug\tvahapl1_cs360_assignment1.pdb
c:\users\tolgahan\documents\visual studio 2015\projects\tvahapl1_cs360_assignment1\debug\tvahapl1_cs360_assignment1.exe
c:\users\tolgahan\documents\visual studio 2015\projects\tvahapl1_cs360_assignment1\debug\tvahapl1_cs360_assignment1.ilk
c:\users\tolgahan\documents\visual studio 2015\projects\tvahapl1_cs360_assignment1\tvahapl1_cs360_assignment1\debug\tvahapl1.82167fe1.tlog\cl.command.1.tlog
c:\users\tolgahan\documents\visual studio 2015\projects\tvahapl1_cs360_assignment1\tvahapl1_cs360_assignment1\debug\tvahapl1.82167fe1.tlog\cl.read.1.tlog
c:\users\tolgahan\documents\visual studio 2015\projects\tvahapl1_cs360_assignment1\tvahapl1_cs360_assignment1\debug\tvahapl1.82167fe1.tlog\cl.write.1.tlog
c:\users\tolgahan\documents\visual studio 2015\projects\tvahapl1_cs360_assignment1\tvahapl1_cs360_assignment1\debug\tvahapl1.82167fe1.tlog\link.command.1.tlog
c:\users\tolgahan\documents\visual studio 2015\projects\tvahapl1_cs360_assignment1\tvahapl1_cs360_assignment1\debug\tvahapl1.82167fe1.tlog\link.read.1.tlog
c:\users\tolgahan\documents\visual studio 2015\projects\tvahapl1_cs360_assignment1\tvahapl1_cs360_assignment1\debug\tvahapl1.82167fe1.tlog\link.write.1.tlog
c:\users\tolgahan\documents\visual studio 2015\projects\tvahapl1_cs360_assignment1\tvahapl1_cs360_assignment1\debug\tvahapl1.82167fe1.tlog\rc.command.1.tlog
c:\users\tolgahan\documents\visual studio 2015\projects\tvahapl1_cs360_assignment1\tvahapl1_cs360_assignment1\debug\tvahapl1.82167fe1.tlog\rc.read.1.tlog
c:\users\tolgahan\documents\visual studio 2015\projects\tvahapl1_cs360_assignment1\tvahapl1_cs360_assignment1\debug\tvahapl1.82167fe1.tlog\rc.write.1.tlog
